2014-03-27	17:58:34		1395957514	5	4	4296468380	Settings World=NoSolo
2014-03-27	17:58:34		1395957514	6	4	4296468382	PreDownloadAssets=1
2014-03-27	17:58:34		1395957514	7	4	4296468382	Server=64.37.170.6:20260
2014-03-27	17:58:34		1395957514	8	4	4296468382	inifile=ClientConfig.ini
2014-03-27	17:58:34		1395957514	9	4	4296468382	Guid=5428064260964876385
2014-03-27	17:58:34		1395957514	10	4	4296468382	Ticket=DWCq3TMkGwj9ZZt
2014-03-27	17:58:34		1395957514	11	4	4296468382	ShowMemberLoadingScreen=1
2014-03-27	17:58:34		1395957514	12	4	4296468382	Country=US
2014-03-27	17:58:34		1395957514	13	4	4296468383	key=m80HqsRO9i4PjJSCOasVMg==
2014-03-27	17:58:34		1395957514	14	4	4296468383	CasSessionId=Jk6TeiRMc4Ba38NO
2014-03-27	17:58:34		1395957514	15	4	4296468383	
[Paths]
2014-03-27	17:58:34		1395957514	16	4	4296468383	PathScripts=.\Resources\Scripts\
2014-03-27	17:58:34		1395957514	17	4	4296468383	PathUiModules=.\UI\UiModules\
2014-03-27	17:58:34		1395957514	18	4	4296468383	
[Libraries]
2014-03-27	17:58:34		1395957514	19	4	4296468383	GraphicsDLL=.\GraphicsDriver.dll
2014-03-27	17:58:34		1395957514	20	4	4296468383	GraphicsDLLd=.\GraphicsDriver.dll
2014-03-27	17:58:34		1395957514	21	4	4296468383	GraphicsDllDataPath=.\
2014-03-27	17:58:34		1395957514	22	4	4296468383	
[Internationalization]
2014-03-27	17:58:34		1395957514	23	4	4296468383	Locale=8
2014-03-27	17:58:34		1395957514	24	4	4296468383	
[AssetDelivery]
2014-03-27	17:58:34		1395957514	25	4	4296468383	IndirectServerAddress=http://fr.patch.station.sony.com/patch/freerealms/live/assets
2014-03-27	17:58:34		1395957514	26	4	4296468384	TcgServerAddress=http://fr.patch.station.sony.com/patch/freerealmstcg/live/client
2014-03-27	17:58:34		1395957514	27	4	4296468384	
[Portrait]
2014-03-27	17:58:34		1395957514	28	4	4296468384	UploadUrl=http://www.freerealms.com/image/imageUpload.action
2014-03-27	17:58:34		1395957514	29	4	4296468384	
[CrashReporter]
2014-03-27	17:58:34		1395957514	30	4	4296468384	Address=lvsadp-recap01.station.sony.com
2014-03-27	17:58:34		1395957514	31	4	4296468384	
[WebResources]
2014-03-27	17:58:34		1395957514	32	4	4296468384	GameCrashUrl=http://freerealms.station.sony.com/knowledgebase/view.action?code=G
2014-03-27	17:58:34		1395957514	33	4	4296468384	GameLeaderBoardUrl=http://www.freerealms.com/ingameleaderboard/leaderboardScores.action?
2014-03-27	17:58:34		1395957514	34	4	4296468384	
[LoadingScreen]
2014-03-27	17:58:34		1395957514	35	4	4296468384	LoadingScreenMusicId=16313
2014-03-27	17:58:34		1395957514	36	4	4296468384	
[Inspect]
2014-03-27	17:58:34		1395957514	37	4	4296468384	Pedestal=sg_pedestal_01.adr
2014-03-27	17:58:34		1395957514	38	4	4296468384	
[LiveGamer]
2014-03-27	17:58:34		1395957514	39	4	4296468384	Address=https://exchange.livegamer.com/
2014-03-27	17:58:34		1395957514	40	4	4296468384	
[INGAMEPURCHASE]
2014-03-27	17:58:34		1395957514	41	4	4296468384	CasPlatform=auth
2014-03-27	17:58:34		1395957514	42	4	4296468384	CasCert=soe-ssl-certs.pem
2014-03-27	17:58:34		1395957514	43	4	4296468384	UramPlatform=account
2014-03-27	17:58:34		1395957514	44	4	4296468384	UramCert=soe-ssl-certs.pem
2014-03-27	17:58:34		1395957514	45	4	4296468384	UramTheme=freerealms
2014-03-27	17:58:34		1395957514	46	4	4296468385	

2014-03-27	17:58:34		1395957514	47	4	4296468385	Settings inifile=ClientConfig.ini
2014-03-27	17:58:34		1395957514	48	4	4296468385	Guid=5428064260964876385
2014-03-27	17:58:34		1395957514	49	4	4296468385	Server=64.37.170.6:20260
2014-03-27	17:58:34		1395957514	50	4	4296468385	Ticket=DWCq3TMkGwj9ZZt
2014-03-27	17:58:34		1395957514	51	4	4296468385	ShowMemberLoadingScreen=1
2014-03-27	17:58:34		1395957514	52	4	4296468385	Country=US
2014-03-27	17:58:34		1395957514	53	4	4296468385	key=m80HqsRO9i4PjJSCOasVMg==
2014-03-27	17:58:34		1395957514	54	4	4296468385	CasSessionId=Jk6TeiRMc4Ba38NO
2014-03-27	17:58:34		1395957514	55	4	4296468385	Environment=live
2014-03-27	17:58:34		1395957514	56	4	4296468385	
[Internationalization]
2014-03-27	17:58:34		1395957514	57	4	4296468385	Locale=8
2014-03-27	17:58:34		1395957514	58	4	4296468385	
[GameAccountManagement]
2014-03-27	17:58:34		1395957514	59	4	4296468385	UriRoot=http://www.freerealms.com/pcws
2014-03-27	17:58:34		1395957514	60	4	4296468385	

