2014-03-27	18:01:49		1395957514	92010	2	4296662818	**** Unrecognized command - say
2014-03-27	18:01:49		1395957514	92011	2	4296662820	**** Unrecognized command - say
2014-03-27	18:01:54		1395957514	92078	2	4296668760	**** Unrecognized command - outfitshoulders
2014-03-27	18:01:54		1395957514	92079	2	4296668763	**** Unrecognized command - say
2014-03-27	18:02:07		1395957514	92173	2	4296681234	**** Unrecognized command - say
2014-03-27	18:02:07		1395957514	92174	2	4296681235	**** Unrecognized command - say
2014-03-27	18:02:10		1395957514	92189	2	4296684389	**** Unrecognized command - say
2014-03-27	18:02:10		1395957514	92190	2	4296684390	**** Unrecognized command - say
2014-03-27	18:02:15		1395957514	92205	2	4296689181	**** Unrecognized command - yes
2014-03-27	18:02:15		1395957514	92206	2	4296689182	**** Unrecognized command - say
2014-03-27	18:02:36		1395957514	92454	2	4296709745	**** Unrecognized command - say
2014-03-27	18:02:36		1395957514	92455	2	4296709745	**** Unrecognized command - say
2014-03-27	18:03:22		1395957514	92832	2	4296756518	**** Unrecognized command - say
2014-03-27	18:03:22		1395957514	92833	2	4296756523	**** Unrecognized command - say
2014-03-27	18:03:26		1395957514	92875	2	4296760568	**** Unrecognized command - say
2014-03-27	18:03:26		1395957514	92876	2	4296760568	**** Unrecognized command - say
2014-03-27	18:04:19		1395957514	93175	2	4296813253	**** Unrecognized command - say
2014-03-27	18:04:19		1395957514	93176	2	4296813257	**** Unrecognized command - say
2014-03-27	18:04:46		1395957514	93348	2	4296840389	**** Unrecognized command - say
2014-03-27	18:04:46		1395957514	93349	2	4296840389	**** Unrecognized command - say
2014-03-27	18:04:51		1395957514	93399	2	4296845507	**** Unrecognized command - say
2014-03-27	18:04:51		1395957514	93400	2	4296845508	**** Unrecognized command - say
2014-03-27	18:04:53		1395957514	93411	2	4296846899	**** Unrecognized command - say
2014-03-27	18:04:53		1395957514	93412	2	4296846900	**** Unrecognized command - say
2014-03-27	18:04:54		1395957514	93428	2	4296847954	**** Unrecognized command - dance
2014-03-27	18:04:54		1395957514	93429	2	4296847955	**** Unrecognized command - say
2014-03-27	18:05:00		1395957514	93454	2	4296854148	**** Unrecognized command - say
2014-03-27	18:05:00		1395957514	93455	2	4296854151	**** Unrecognized command - say
2014-03-27	18:05:26		1395957514	93535	2	4296879990	**** Unrecognized command - say
2014-03-27	18:05:26		1395957514	93536	2	4296879994	**** Unrecognized command - say
2014-03-27	18:11:18		1395957514	96247	2	4297232128	**** Unrecognized command - tell
2014-03-27	18:11:18		1395957514	96248	2	4297232131	**** Unrecognized command - say
2014-03-27	18:17:51		1395957514	98470	2	4297624968	**** Unrecognized command - yell
2014-03-27	18:17:51		1395957514	98471	2	4297624971	**** Unrecognized command - say
2014-03-27	18:19:10		1395957514	99117	2	4297703938	**** Unrecognized command - yell
2014-03-27	18:19:10		1395957514	99118	2	4297703940	**** Unrecognized command - say
2014-03-27	18:19:41		1395957514	99274	2	4297734880	**** Unrecognized command - yell
2014-03-27	18:19:41		1395957514	99275	2	4297734883	**** Unrecognized command - say
2014-03-27	18:19:52		1395957514	99306	2	4297745936	**** Unrecognized command - say
2014-03-27	18:19:52		1395957514	99307	2	4297745937	**** Unrecognized command - say
2014-03-27	18:20:13		1395957514	99399	2	4297767130	**** Unrecognized command - say
2014-03-27	18:20:13		1395957514	99400	2	4297767132	**** Unrecognized command - say
2014-03-27	18:20:46		1395957514	99509	2	4297800261	**** Unrecognized command - guildsay
2014-03-27	18:20:46		1395957514	99510	2	4297800262	**** Unrecognized command - say
2014-03-27	18:20:50		1395957514	99523	2	4297804193	**** Unrecognized command - say
2014-03-27	18:20:50		1395957514	99524	2	4297804193	**** Unrecognized command - say
2014-03-27	18:22:31		1395957514	99755	2	4297904903	**** Unrecognized command - say
2014-03-27	18:22:31		1395957514	99756	2	4297904907	**** Unrecognized command - say
2014-03-27	18:22:32		1395957514	99769	2	4297906108	**** Unrecognized command - say
2014-03-27	18:22:32		1395957514	99770	2	4297906108	**** Unrecognized command - say
2014-03-27	18:22:36		1395957514	99802	2	4297909950	**** Unrecognized command - say
2014-03-27	18:22:36		1395957514	99803	2	4297909954	**** Unrecognized command - say
2014-03-27	18:22:51		1395957514	99830	2	4297925381	**** Unrecognized command - say
2014-03-27	18:22:51		1395957514	99831	2	4297925385	**** Unrecognized command - say
2014-03-27	18:23:22		1395957514	99962	2	4297955863	**** Unrecognized command - say
2014-03-27	18:23:22		1395957514	99963	2	4297955867	**** Unrecognized command - say
2014-03-27	18:23:25		1395957514	99996	2	4297959689	**** Unrecognized command - say
2014-03-27	18:23:25		1395957514	99997	2	4297959693	**** Unrecognized command - say
2014-03-27	18:23:30		1395957514	100016	2	4297963648	**** Unrecognized command - say
2014-03-27	18:23:30		1395957514	100017	2	4297963651	**** Unrecognized command - say
2014-03-27	18:27:55		1395957514	100687	2	4298229315	**** Unrecognized command - say
2014-03-27	18:27:55		1395957514	100688	2	4298229318	**** Unrecognized command - say
2014-03-27	18:28:15		1395957514	100828	2	4298248915	**** Unrecognized command - say
2014-03-27	18:28:15		1395957514	100829	2	4298248919	**** Unrecognized command - say
2014-03-27	18:29:28		1395957514	101190	2	4298322065	**** Unrecognized command - say
2014-03-27	18:29:28		1395957514	101191	2	4298322066	**** Unrecognized command - say
2014-03-27	18:29:44		1395957514	101283	2	4298337947	**** Unrecognized command - say
2014-03-27	18:29:44		1395957514	101284	2	4298337950	**** Unrecognized command - say
2014-03-27	18:29:51		1395957514	101332	2	4298345440	**** Unrecognized command - say
2014-03-27	18:29:51		1395957514	101333	2	4298345444	**** Unrecognized command - say
2014-03-27	18:30:28		1395957514	101502	2	4298381734	**** Unrecognized command - say
2014-03-27	18:30:28		1395957514	101503	2	4298381737	**** Unrecognized command - say
2014-03-27	18:30:58		1395957514	101752	2	4298412162	**** Unrecognized command - say
2014-03-27	18:30:58		1395957514	101753	2	4298412164	**** Unrecognized command - say
2014-03-27	18:33:45		1395957514	102438	2	4298579279	**** Unrecognized command - guildsay
2014-03-27	18:33:45		1395957514	102439	2	4298579283	**** Unrecognized command - say
2014-03-27	18:34:07		1395957514	102694	2	4298601048	**** Unrecognized command - guildsay
2014-03-27	18:34:07		1395957514	102695	2	4298601049	**** Unrecognized command - say
2014-03-27	18:34:10		1395957514	102716	2	4298603934	**** Unrecognized command - say
2014-03-27	18:34:10		1395957514	102717	2	4298603934	**** Unrecognized command - say
2014-03-27	18:34:16		1395957514	102799	2	4298610142	**** Unrecognized command - say
2014-03-27	18:34:16		1395957514	102800	2	4298610145	**** Unrecognized command - say
2014-03-27	18:34:25		1395957514	102809	2	4298619758	**** Unrecognized command - say
2014-03-27	18:34:25		1395957514	102810	2	4298619760	**** Unrecognized command - say
2014-03-27	18:34:28		1395957514	102852	2	4298622645	**** Unrecognized command - say
2014-03-27	18:34:28		1395957514	102853	2	4298622649	**** Unrecognized command - say
2014-03-27	18:35:00		1395957514	103000	2	4298653980	**** Unrecognized command - guildsay
2014-03-27	18:35:00		1395957514	103001	2	4298653983	**** Unrecognized command - say
2014-03-27	18:35:16		1395957514	103146	2	4298670656	**** Unrecognized command - guildsay
2014-03-27	18:35:16		1395957514	103147	2	4298670659	**** Unrecognized command - say
2014-03-27	18:35:45		1395957514	103255	2	4298699112	**** Unrecognized command - guildsay
2014-03-27	18:35:45		1395957514	103256	2	4298699112	**** Unrecognized command - say
2014-03-27	18:36:12		1395957514	103324	2	4298726018	**** Unrecognized command - guildsay
2014-03-27	18:36:12		1395957514	103325	2	4298726019	**** Unrecognized command - say
2014-03-27	18:37:37		1395957514	103468	2	4298811192	**** Unrecognized command - say
2014-03-27	18:37:37		1395957514	103469	2	4298811195	**** Unrecognized command - say
2014-03-27	18:37:41		1395957514	103517	2	4298815522	**** Unrecognized command - say
2014-03-27	18:37:41		1395957514	103518	2	4298815523	**** Unrecognized command - say
2014-03-27	18:38:06		1395957514	103578	2	4298840539	**** Unrecognized command - say
2014-03-27	18:38:06		1395957514	103579	2	4298840542	**** Unrecognized command - say
2014-03-27	18:38:32		1395957514	103610	2	4298866429	**** Unrecognized command - say
2014-03-27	18:38:32		1395957514	103611	2	4298866429	**** Unrecognized command - say
2014-03-27	18:39:53		1395957514	103893	2	4298947025	**** Unrecognized command - tell
2014-03-27	18:39:57		1395957514	103916	2	4298951014	**** Unrecognized command - tell
2014-03-27	18:40:40		1395957514	104288	2	4298993916	**** Unrecognized command - tell
2014-03-27	18:40:44		1395957514	104360	2	4298998656	**** Unrecognized command - tell
2014-03-27	18:40:50		1395957514	104426	2	4299004207	**** Unrecognized command - tell
2014-03-27	18:40:57		1395957514	104510	2	4299011144	**** Unrecognized command - tell
2014-03-27	18:42:39		1395957514	104911	2	4299113133	**** Unrecognized command - tell
2014-03-27	18:42:55		1395957514	104941	2	4299129324	**** Unrecognized command - tell
2014-03-27	18:43:12		1395957514	104965	2	4299146049	**** Unrecognized command - tell
2014-03-27	18:43:13		1395957514	104974	2	4299147008	**** Unrecognized command - tell
2014-03-27	18:45:56		1395957514	106370	2	4299310182	**** Unrecognized command - tell
2014-03-27	18:46:03		1395957514	106419	2	4299317360	**** Unrecognized command - say
2014-03-27	18:46:03		1395957514	106420	2	4299317360	**** Unrecognized command - say
2014-03-27	18:46:46		1395957514	106611	2	4299359695	**** Unrecognized command - say
2014-03-27	18:46:46		1395957514	106612	2	4299359699	**** Unrecognized command - say
2014-03-27	18:47:49		1395957514	106695	2	4299423065	**** Unrecognized command - tell
2014-03-27	18:47:57		1395957514	106774	2	4299430907	**** Unrecognized command - tell
2014-03-27	18:48:01		1395957514	106833	2	4299435358	**** Unrecognized command - tell
2014-03-27	18:48:31		1395957514	106869	2	4299464782	**** Unrecognized command - tell
2014-03-27	18:48:41		1395957514	106886	2	4299475228	**** Unrecognized command - tell
2014-03-27	18:48:50		1395957514	106910	2	4299483901	**** Unrecognized command - say
2014-03-27	18:48:50		1395957514	106911	2	4299483902	**** Unrecognized command - say
2014-03-27	18:48:56		1395957514	106948	2	4299489915	**** Unrecognized command - say
2014-03-27	18:48:56		1395957514	106949	2	4299489919	**** Unrecognized command - say
2014-03-27	18:48:58		1395957514	106966	2	4299491737	**** Unrecognized command - insult
2014-03-27	18:48:58		1395957514	106967	2	4299491740	**** Unrecognized command - say
2014-03-27	18:49:06		1395957514	106995	2	4299500291	**** Unrecognized command - say
2014-03-27	18:49:06		1395957514	106996	2	4299500294	**** Unrecognized command - say
2014-03-27	18:49:08		1395957514	107006	2	4299502519	**** Unrecognized command - say
2014-03-27	18:49:08		1395957514	107007	2	4299502520	**** Unrecognized command - say
2014-03-27	18:49:19		1395957514	107053	2	4299513036	**** Unrecognized command - say
2014-03-27	18:49:19		1395957514	107054	2	4299513039	**** Unrecognized command - say
2014-03-27	18:49:39		1395957514	107130	2	4299533693	**** Unrecognized command - say
2014-03-27	18:49:39		1395957514	107131	2	4299533693	**** Unrecognized command - say
2014-03-27	18:49:46		1395957514	107177	2	4299540509	**** Unrecognized command - say
2014-03-27	18:49:46		1395957514	107178	2	4299540512	**** Unrecognized command - say
2014-03-27	18:50:13		1395957514	107229	2	4299566752	**** Unrecognized command - say
2014-03-27	18:50:13		1395957514	107230	2	4299566752	**** Unrecognized command - say
2014-03-27	18:50:32		1395957514	107252	2	4299586434	**** Unrecognized command - tell
2014-03-27	18:50:32		1395957514	107253	2	4299586435	**** Unrecognized command - say
2014-03-27	18:50:40		1395957514	107280	2	4299593984	**** Unrecognized command - tell
2014-03-27	18:50:44		1395957514	107315	2	4299598276	**** Unrecognized command - tell
2014-03-27	18:51:32		1395957514	107382	2	4299646169	**** Unrecognized command - say
2014-03-27	18:51:32		1395957514	107383	2	4299646174	**** Unrecognized command - say
2014-03-27	18:51:36		1395957514	107431	2	4299650395	**** Unrecognized command - say
2014-03-27	18:51:36		1395957514	107432	2	4299650398	**** Unrecognized command - say
2014-03-27	18:52:17		1395957514	107509	2	4299691522	**** Unrecognized command - say
2014-03-27	18:52:17		1395957514	107510	2	4299691525	**** Unrecognized command - say
2014-03-27	18:52:22		1395957514	107579	2	4299696445	**** Unrecognized command - say
2014-03-27	18:52:22		1395957514	107580	2	4299696448	**** Unrecognized command - say
2014-03-27	18:52:26		1395957514	107589	2	4299700199	**** Unrecognized command - say
2014-03-27	18:52:26		1395957514	107590	2	4299700202	**** Unrecognized command - say
2014-03-27	18:52:27		1395957514	107614	2	4299701638	**** Unrecognized command - say
2014-03-27	18:52:27		1395957514	107615	2	4299701641	**** Unrecognized command - say
2014-03-27	18:52:46		1395957514	107629	2	4299719739	**** Unrecognized command - say
2014-03-27	18:52:46		1395957514	107630	2	4299719742	**** Unrecognized command - say
2014-03-27	18:52:47		1395957514	107653	2	4299721062	**** Unrecognized command - say
2014-03-27	18:52:47		1395957514	107654	2	4299721063	**** Unrecognized command - say
2014-03-27	18:52:52		1395957514	107725	2	4299726752	**** Unrecognized command - say
2014-03-27	18:52:52		1395957514	107726	2	4299726752	**** Unrecognized command - say
2014-03-27	18:53:04		1395957514	107738	2	4299738008	**** Unrecognized command - say
2014-03-27	18:53:04		1395957514	107739	2	4299738008	**** Unrecognized command - say
2014-03-27	18:53:05		1395957514	107750	2	4299738786	**** Unrecognized command - say
2014-03-27	18:53:05		1395957514	107751	2	4299738786	**** Unrecognized command - say
2014-03-27	18:53:06		1395957514	107766	2	4299740507	**** Unrecognized command - say
2014-03-27	18:53:06		1395957514	107767	2	4299740507	**** Unrecognized command - say
2014-03-27	18:53:13		1395957514	107782	2	4299747757	**** Unrecognized command - say
2014-03-27	18:53:13		1395957514	107783	2	4299747760	**** Unrecognized command - say
2014-03-27	18:53:19		1395957514	107812	2	4299753325	**** Unrecognized command - say
2014-03-27	18:53:19		1395957514	107813	2	4299753328	**** Unrecognized command - say
2014-03-27	18:53:25		1395957514	107885	2	4299759694	**** Unrecognized command - say
2014-03-27	18:53:25		1395957514	107886	2	4299759697	**** Unrecognized command - say
2014-03-27	18:53:43		1395957514	107998	2	4299777346	**** Unrecognized command - say
2014-03-27	18:53:43		1395957514	107999	2	4299777349	**** Unrecognized command - say
2014-03-27	18:53:47		1395957514	108057	2	4299781511	**** Unrecognized command - say
2014-03-27	18:53:47		1395957514	108058	2	4299781514	**** Unrecognized command - say
2014-03-27	18:53:51		1395957514	108072	2	4299785045	**** Unrecognized command - say
2014-03-27	18:53:51		1395957514	108073	2	4299785048	**** Unrecognized command - say
2014-03-27	18:53:52		1395957514	108078	2	4299786148	**** Unrecognized command - say
2014-03-27	18:53:52		1395957514	108079	2	4299786148	**** Unrecognized command - say
2014-03-27	18:53:53		1395957514	108090	2	4299787209	**** Unrecognized command - say
2014-03-27	18:53:53		1395957514	108091	2	4299787210	**** Unrecognized command - say
2014-03-27	18:54:01		1395957514	108117	2	4299794757	**** Unrecognized command - say
2014-03-27	18:54:01		1395957514	108118	2	4299794757	**** Unrecognized command - say
2014-03-27	18:54:08		1395957514	108181	2	4299802119	**** Unrecognized command - say
2014-03-27	18:54:08		1395957514	108182	2	4299802120	**** Unrecognized command - say
2014-03-27	18:54:18		1395957514	108199	2	4299811897	**** Unrecognized command - shoo
2014-03-27	18:54:18		1395957514	108200	2	4299811899	**** Unrecognized command - say
2014-03-27	18:54:29		1395957514	108282	2	4299823172	**** Unrecognized command - tell
2014-03-27	18:54:29		1395957514	108283	2	4299823175	**** Unrecognized command - say
2014-03-27	18:54:31		1395957514	108299	2	4299825516	**** Unrecognized command - say
2014-03-27	18:54:31		1395957514	108300	2	4299825516	**** Unrecognized command - say
2014-03-27	18:54:38		1395957514	108367	2	4299832245	**** Unrecognized command - say
2014-03-27	18:54:38		1395957514	108368	2	4299832248	**** Unrecognized command - say
2014-03-27	18:54:58		1395957514	108435	2	4299852474	**** Unrecognized command - say
2014-03-27	18:54:58		1395957514	108436	2	4299852476	**** Unrecognized command - say
2014-03-27	18:55:11		1395957514	108451	2	4299864859	**** Unrecognized command - say
2014-03-27	18:55:11		1395957514	108452	2	4299864862	**** Unrecognized command - say
2014-03-27	18:55:34		1395957514	108523	2	4299888260	**** Unrecognized command - say
2014-03-27	18:55:34		1395957514	108524	2	4299888260	**** Unrecognized command - say
2014-03-27	18:55:46		1395957514	108637	2	4299899904	**** Unrecognized command - say
2014-03-27	18:55:46		1395957514	108638	2	4299899907	**** Unrecognized command - say
2014-03-27	18:56:01		1395957514	108664	2	4299914623	**** Unrecognized command - say
2014-03-27	18:56:01		1395957514	108665	2	4299914626	**** Unrecognized command - say
2014-03-27	18:56:01		1395957514	108676	2	4299915358	**** Unrecognized command - say
2014-03-27	18:56:01		1395957514	108677	2	4299915359	**** Unrecognized command - say
2014-03-27	18:56:06		1395957514	108736	2	4299919685	**** Unrecognized command - say
2014-03-27	18:56:06		1395957514	108737	2	4299919687	**** Unrecognized command - say
2014-03-27	18:56:18		1395957514	108811	2	4299932466	**** Unrecognized command - say
2014-03-27	18:56:18		1395957514	108812	2	4299932469	**** Unrecognized command - say
2014-03-27	18:56:24		1395957514	108850	2	4299937733	**** Unrecognized command - outfitshoulders
2014-03-27	18:56:24		1395957514	108851	2	4299937734	**** Unrecognized command - say
2014-03-27	18:56:35		1395957514	108880	2	4299949508	**** Unrecognized command - say
2014-03-27	18:56:35		1395957514	108881	2	4299949510	**** Unrecognized command - say
2014-03-27	18:56:37		1395957514	108902	2	4299950733	**** Unrecognized command - say
2014-03-27	18:56:37		1395957514	108903	2	4299950734	**** Unrecognized command - say
2014-03-27	18:57:06		1395957514	109014	2	4299979839	**** Unrecognized command - say
2014-03-27	18:57:06		1395957514	109015	2	4299979840	**** Unrecognized command - say
2014-03-27	18:57:11		1395957514	109089	2	4299985453	**** Unrecognized command - say
2014-03-27	18:57:11		1395957514	109090	2	4299985456	**** Unrecognized command - say
2014-03-27	18:57:13		1395957514	109117	2	4299986997	**** Unrecognized command - say
2014-03-27	18:57:13		1395957514	109118	2	4299986997	**** Unrecognized command - say
2014-03-27	18:57:16		1395957514	109177	2	4299990746	**** Unrecognized command - say
2014-03-27	18:57:16		1395957514	109178	2	4299990747	**** Unrecognized command - say
2014-03-27	18:57:44		1395957514	109271	2	4300018040	**** Unrecognized command - say
2014-03-27	18:57:44		1395957514	109272	2	4300018040	**** Unrecognized command - say
2014-03-27	18:57:48		1395957514	109287	2	4300021732	**** Unrecognized command - yes
2014-03-27	18:57:48		1395957514	109288	2	4300021734	**** Unrecognized command - say
2014-03-27	18:58:19		1395957514	109316	2	4300053523	**** Unrecognized command - say
2014-03-27	18:58:19		1395957514	109317	2	4300053525	**** Unrecognized command - say
2014-03-27	18:58:25		1395957514	109366	2	4300058785	**** Unrecognized command - say
2014-03-27	18:58:25		1395957514	109367	2	4300058788	**** Unrecognized command - say
2014-03-27	18:58:31		1395957514	109407	2	4300064792	**** Unrecognized command - tell
2014-03-27	18:58:35		1395957514	109423	2	4300069444	**** Unrecognized command - say
2014-03-27	18:58:35		1395957514	109424	2	4300069444	**** Unrecognized command - say
2014-03-27	18:58:40		1395957514	109461	2	4300073889	**** Unrecognized command - say
2014-03-27	18:58:40		1395957514	109462	2	4300073891	**** Unrecognized command - say
2014-03-27	18:58:45		1395957514	109507	2	4300078650	**** Unrecognized command - say
2014-03-27	18:58:45		1395957514	109508	2	4300078652	**** Unrecognized command - say
2014-03-27	18:58:47		1395957514	109543	2	4300080805	**** Unrecognized command - say
2014-03-27	18:58:47		1395957514	109544	2	4300080805	**** Unrecognized command - say
2014-03-27	18:58:48		1395957514	109562	2	4300082208	**** Unrecognized command - say
2014-03-27	18:58:48		1395957514	109563	2	4300082208	**** Unrecognized command - say
2014-03-27	18:59:02		1395957514	109618	2	4300096685	**** Unrecognized command - say
2014-03-27	18:59:02		1395957514	109619	2	4300096685	**** Unrecognized command - say
2014-03-27	18:59:04		1395957514	109636	2	4300098254	**** Unrecognized command - say
2014-03-27	18:59:04		1395957514	109637	2	4300098255	**** Unrecognized command - say
2014-03-27	18:59:09		1395957514	109670	2	4300102974	**** Unrecognized command - say
2014-03-27	18:59:09		1395957514	109671	2	4300102977	**** Unrecognized command - say
